[debug] [2024-11-26T23:17:45.007Z] ----------------------------------------------------------------------
[debug] [2024-11-26T23:17:45.008Z] Command:       /Users/enriquecipriano/.nvm/versions/node/v18.17.0/bin/node /Users/enriquecipriano/.nvm/versions/node/v18.17.0/bin/firebase serve
[debug] [2024-11-26T23:17:45.008Z] CLI Version:   13.27.0
[debug] [2024-11-26T23:17:45.008Z] Platform:      darwin
[debug] [2024-11-26T23:17:45.009Z] Node Version:  v18.17.0
[debug] [2024-11-26T23:17:45.009Z] Time:          Tue Nov 26 2024 17:17:45 GMT-0600 (Central Standard Time)
[debug] [2024-11-26T23:17:45.009Z] ----------------------------------------------------------------------
[debug] 
[debug] [2024-11-26T23:17:45.063Z] > command requires scopes: ["email","openid","https://www.googleapis.com/auth/cloudplatformprojects.readonly","https://www.googleapis.com/auth/firebase","https://www.googleapis.com/auth/cloud-platform"]
[debug] [2024-11-26T23:17:45.063Z] > authorizing via signed-in user (enriquecipriano0957@gmail.com)
[debug] [2024-11-26T23:17:45.063Z] [iam] checking project se1-project-group4 for permissions ["firebase.projects.get"]
[debug] [2024-11-26T23:17:45.063Z] Checked if tokens are valid: true, expires at: 1732666166442
[debug] [2024-11-26T23:17:45.063Z] Checked if tokens are valid: true, expires at: 1732666166442
[debug] [2024-11-26T23:17:45.064Z] >>> [apiv2][query] POST https://cloudresourcemanager.googleapis.com/v1/projects/se1-project-group4:testIamPermissions [none]
[debug] [2024-11-26T23:17:45.064Z] >>> [apiv2][(partial)header] POST https://cloudresourcemanager.googleapis.com/v1/projects/se1-project-group4:testIamPermissions x-goog-quota-user=projects/se1-project-group4
[debug] [2024-11-26T23:17:45.064Z] >>> [apiv2][body] POST https://cloudresourcemanager.googleapis.com/v1/projects/se1-project-group4:testIamPermissions {"permissions":["firebase.projects.get"]}
[debug] [2024-11-26T23:17:45.217Z] <<< [apiv2][status] POST https://cloudresourcemanager.googleapis.com/v1/projects/se1-project-group4:testIamPermissions 200
[debug] [2024-11-26T23:17:45.217Z] <<< [apiv2][body] POST https://cloudresourcemanager.googleapis.com/v1/projects/se1-project-group4:testIamPermissions {"permissions":["firebase.projects.get"]}
[debug] [2024-11-26T23:17:45.218Z] Checked if tokens are valid: true, expires at: 1732666166442
[debug] [2024-11-26T23:17:45.218Z] Checked if tokens are valid: true, expires at: 1732666166442
[debug] [2024-11-26T23:17:45.218Z] >>> [apiv2][query] GET https://cloudresourcemanager.googleapis.com/v1/projects/se1-project-group4 [none]
[debug] [2024-11-26T23:17:45.374Z] <<< [apiv2][status] GET https://cloudresourcemanager.googleapis.com/v1/projects/se1-project-group4 200
[debug] [2024-11-26T23:17:45.374Z] <<< [apiv2][body] GET https://cloudresourcemanager.googleapis.com/v1/projects/se1-project-group4 {"projectNumber":"865140912015","projectId":"se1-project-group4","lifecycleState":"ACTIVE","name":"SE1-Project-Group4","labels":{"firebase":"enabled"},"createTime":"2024-10-01T02:49:30.800699Z"}
[info] 
[info] === Serving from '/Users/enriquecipriano/OG_PROJECT_SE1/SE1-Project-Group4'...
[info] 
[debug] [2024-11-26T23:17:45.381Z] Checked if tokens are valid: true, expires at: 1732666166442
[debug] [2024-11-26T23:17:45.381Z] Checked if tokens are valid: true, expires at: 1732666166442
[debug] [2024-11-26T23:17:45.382Z] >>> [apiv2][query] GET https://firebasehosting.googleapis.com/v1beta1/projects/se1-project-group4/sites 
[debug] [2024-11-26T23:17:45.672Z] <<< [apiv2][status] GET https://firebasehosting.googleapis.com/v1beta1/projects/se1-project-group4/sites 200
[debug] [2024-11-26T23:17:45.672Z] <<< [apiv2][body] GET https://firebasehosting.googleapis.com/v1beta1/projects/se1-project-group4/sites {"sites":[{"name":"projects/se1-project-group4/sites/se1-project-group4","defaultUrl":"https://se1-project-group4.web.app","type":"DEFAULT_SITE"}]}
[debug] [2024-11-26T23:17:45.672Z] Checked if tokens are valid: true, expires at: 1732666166442
[debug] [2024-11-26T23:17:45.672Z] Checked if tokens are valid: true, expires at: 1732666166442
[debug] [2024-11-26T23:17:45.672Z] >>> [apiv2][query] GET https://firebase.googleapis.com/v1beta1/projects/se1-project-group4/webApps/-/config [none]
[debug] [2024-11-26T23:17:45.942Z] <<< [apiv2][status] GET https://firebase.googleapis.com/v1beta1/projects/se1-project-group4/webApps/-/config 200
[debug] [2024-11-26T23:17:45.942Z] <<< [apiv2][body] GET https://firebase.googleapis.com/v1beta1/projects/se1-project-group4/webApps/-/config {"projectId":"se1-project-group4","appId":"1:865140912015:web:a95e39feb0a8dd3ece25fa","storageBucket":"se1-project-group4.firebasestorage.app","apiKey":"AIzaSyBLZ0XJ1sPDakJ6TguAKR0fHXabycYVOZA","authDomain":"se1-project-group4.firebaseapp.com","messagingSenderId":"865140912015","measurementId":"G-0XE6F01F7T"}
[debug] [2024-11-26T23:17:45.953Z] Checked if tokens are valid: true, expires at: 1732666166442
[debug] [2024-11-26T23:17:45.953Z] Checked if tokens are valid: true, expires at: 1732666166442
[debug] [2024-11-26T23:17:45.954Z] >>> [apiv2][query] GET https://firebase.googleapis.com/v1beta1/projects/se1-project-group4 [none]
[debug] [2024-11-26T23:17:46.111Z] <<< [apiv2][status] GET https://firebase.googleapis.com/v1beta1/projects/se1-project-group4 200
[debug] [2024-11-26T23:17:46.111Z] <<< [apiv2][body] GET https://firebase.googleapis.com/v1beta1/projects/se1-project-group4 {"projectId":"se1-project-group4","projectNumber":"865140912015","displayName":"SE1-Project-Group4","name":"projects/se1-project-group4","resources":{"hostingSite":"se1-project-group4"},"state":"ACTIVE","etag":"1_262bb138-2888-4333-8c7a-0e788539ec74"}
[info] i  hosting[se1-project-group4]: Serving hosting files from: public {"metadata":{"emulator":{"name":"hosting"},"message":"Serving hosting files from: \u001b[1mpublic\u001b[22m"}}
[info] ✔  hosting[se1-project-group4]: Local server: http://localhost:5006 {"metadata":{"emulator":{"name":"hosting"},"message":"Local server: \u001b[4m\u001b[1mhttp://localhost:5006\u001b[22m\u001b[24m"}}
[info] i  hosting: ::1 - - [26/Nov/2024:23:17:50 +0000] "GET / HTTP/1.1" 200 - "-" "Mozilla/5.0 (Macintosh; Intel Mac OS X 10_15_7) AppleWebKit/605.1.15 (KHTML, like Gecko) Version/17.6 Safari/605.1.15" {"metadata":{"emulator":{"name":"hosting"},"message":"::1 - - [26/Nov/2024:23:17:50 +0000] \"GET / HTTP/1.1\" 200 - \"-\" \"Mozilla/5.0 (Macintosh; Intel Mac OS X 10_15_7) AppleWebKit/605.1.15 (KHTML, like Gecko) Version/17.6 Safari/605.1.15\""}}
[info] i  hosting: ::1 - - [26/Nov/2024:23:17:50 +0000] "GET /custom.css HTTP/1.1" 200 - "http://localhost:5006/" "Mozilla/5.0 (Macintosh; Intel Mac OS X 10_15_7) AppleWebKit/605.1.15 (KHTML, like Gecko) Version/17.6 Safari/605.1.15" {"metadata":{"emulator":{"name":"hosting"},"message":"::1 - - [26/Nov/2024:23:17:50 +0000] \"GET /custom.css HTTP/1.1\" 200 - \"http://localhost:5006/\" \"Mozilla/5.0 (Macintosh; Intel Mac OS X 10_15_7) AppleWebKit/605.1.15 (KHTML, like Gecko) Version/17.6 Safari/605.1.15\""}}
[info] i  hosting: ::1 - - [26/Nov/2024:23:17:50 +0000] "GET /controller/firebase_core.js HTTP/1.1" 200 809 "http://localhost:5006/" "Mozilla/5.0 (Macintosh; Intel Mac OS X 10_15_7) AppleWebKit/605.1.15 (KHTML, like Gecko) Version/17.6 Safari/605.1.15" {"metadata":{"emulator":{"name":"hosting"},"message":"::1 - - [26/Nov/2024:23:17:50 +0000] \"GET /controller/firebase_core.js HTTP/1.1\" 200 809 \"http://localhost:5006/\" \"Mozilla/5.0 (Macintosh; Intel Mac OS X 10_15_7) AppleWebKit/605.1.15 (KHTML, like Gecko) Version/17.6 Safari/605.1.15\""}}
[info] i  hosting: ::1 - - [26/Nov/2024:23:17:50 +0000] "GET /app.js HTTP/1.1" 200 - "http://localhost:5006/" "Mozilla/5.0 (Macintosh; Intel Mac OS X 10_15_7) AppleWebKit/605.1.15 (KHTML, like Gecko) Version/17.6 Safari/605.1.15" {"metadata":{"emulator":{"name":"hosting"},"message":"::1 - - [26/Nov/2024:23:17:50 +0000] \"GET /app.js HTTP/1.1\" 200 - \"http://localhost:5006/\" \"Mozilla/5.0 (Macintosh; Intel Mac OS X 10_15_7) AppleWebKit/605.1.15 (KHTML, like Gecko) Version/17.6 Safari/605.1.15\""}}
[info] i  hosting: ::1 - - [26/Nov/2024:23:17:50 +0000] "GET /controller/route_controller.js HTTP/1.1" 200 614 "http://localhost:5006/" "Mozilla/5.0 (Macintosh; Intel Mac OS X 10_15_7) AppleWebKit/605.1.15 (KHTML, like Gecko) Version/17.6 Safari/605.1.15" {"metadata":{"emulator":{"name":"hosting"},"message":"::1 - - [26/Nov/2024:23:17:50 +0000] \"GET /controller/route_controller.js HTTP/1.1\" 200 614 \"http://localhost:5006/\" \"Mozilla/5.0 (Macintosh; Intel Mac OS X 10_15_7) AppleWebKit/605.1.15 (KHTML, like Gecko) Version/17.6 Safari/605.1.15\""}}
[info] i  hosting: ::1 - - [26/Nov/2024:23:17:50 +0000] "GET /controller/firebase_auth.js HTTP/1.1" 200 - "http://localhost:5006/" "Mozilla/5.0 (Macintosh; Intel Mac OS X 10_15_7) AppleWebKit/605.1.15 (KHTML, like Gecko) Version/17.6 Safari/605.1.15" {"metadata":{"emulator":{"name":"hosting"},"message":"::1 - - [26/Nov/2024:23:17:50 +0000] \"GET /controller/firebase_auth.js HTTP/1.1\" 200 - \"http://localhost:5006/\" \"Mozilla/5.0 (Macintosh; Intel Mac OS X 10_15_7) AppleWebKit/605.1.15 (KHTML, like Gecko) Version/17.6 Safari/605.1.15\""}}
[info] i  hosting: ::1 - - [26/Nov/2024:23:17:50 +0000] "GET /controller/menueventhandlers.js HTTP/1.1" 200 - "http://localhost:5006/" "Mozilla/5.0 (Macintosh; Intel Mac OS X 10_15_7) AppleWebKit/605.1.15 (KHTML, like Gecko) Version/17.6 Safari/605.1.15" {"metadata":{"emulator":{"name":"hosting"},"message":"::1 - - [26/Nov/2024:23:17:50 +0000] \"GET /controller/menueventhandlers.js HTTP/1.1\" 200 - \"http://localhost:5006/\" \"Mozilla/5.0 (Macintosh; Intel Mac OS X 10_15_7) AppleWebKit/605.1.15 (KHTML, like Gecko) Version/17.6 Safari/605.1.15\""}}
[info] i  hosting: ::1 - - [26/Nov/2024:23:17:50 +0000] "GET /view/elements.js HTTP/1.1" 200 113 "http://localhost:5006/" "Mozilla/5.0 (Macintosh; Intel Mac OS X 10_15_7) AppleWebKit/605.1.15 (KHTML, like Gecko) Version/17.6 Safari/605.1.15" {"metadata":{"emulator":{"name":"hosting"},"message":"::1 - - [26/Nov/2024:23:17:50 +0000] \"GET /view/elements.js HTTP/1.1\" 200 113 \"http://localhost:5006/\" \"Mozilla/5.0 (Macintosh; Intel Mac OS X 10_15_7) AppleWebKit/605.1.15 (KHTML, like Gecko) Version/17.6 Safari/605.1.15\""}}
[info] i  hosting: ::1 - - [26/Nov/2024:23:17:50 +0000] "GET /view/home_page.js HTTP/1.1" 200 - "http://localhost:5006/" "Mozilla/5.0 (Macintosh; Intel Mac OS X 10_15_7) AppleWebKit/605.1.15 (KHTML, like Gecko) Version/17.6 Safari/605.1.15" {"metadata":{"emulator":{"name":"hosting"},"message":"::1 - - [26/Nov/2024:23:17:50 +0000] \"GET /view/home_page.js HTTP/1.1\" 200 - \"http://localhost:5006/\" \"Mozilla/5.0 (Macintosh; Intel Mac OS X 10_15_7) AppleWebKit/605.1.15 (KHTML, like Gecko) Version/17.6 Safari/605.1.15\""}}
[info] i  hosting: ::1 - - [26/Nov/2024:23:17:50 +0000] "GET /model/constants.js HTTP/1.1" 200 25 "http://localhost:5006/" "Mozilla/5.0 (Macintosh; Intel Mac OS X 10_15_7) AppleWebKit/605.1.15 (KHTML, like Gecko) Version/17.6 Safari/605.1.15" {"metadata":{"emulator":{"name":"hosting"},"message":"::1 - - [26/Nov/2024:23:17:50 +0000] \"GET /model/constants.js HTTP/1.1\" 200 25 \"http://localhost:5006/\" \"Mozilla/5.0 (Macintosh; Intel Mac OS X 10_15_7) AppleWebKit/605.1.15 (KHTML, like Gecko) Version/17.6 Safari/605.1.15\""}}
[info] i  hosting: ::1 - - [26/Nov/2024:23:17:50 +0000] "GET /view/menu2_page.js HTTP/1.1" 200 331 "http://localhost:5006/" "Mozilla/5.0 (Macintosh; Intel Mac OS X 10_15_7) AppleWebKit/605.1.15 (KHTML, like Gecko) Version/17.6 Safari/605.1.15" {"metadata":{"emulator":{"name":"hosting"},"message":"::1 - - [26/Nov/2024:23:17:50 +0000] \"GET /view/menu2_page.js HTTP/1.1\" 200 331 \"http://localhost:5006/\" \"Mozilla/5.0 (Macintosh; Intel Mac OS X 10_15_7) AppleWebKit/605.1.15 (KHTML, like Gecko) Version/17.6 Safari/605.1.15\""}}
[info] i  hosting: ::1 - - [26/Nov/2024:23:17:50 +0000] "GET /view/signin_page.js HTTP/1.1" 200 951 "http://localhost:5006/" "Mozilla/5.0 (Macintosh; Intel Mac OS X 10_15_7) AppleWebKit/605.1.15 (KHTML, like Gecko) Version/17.6 Safari/605.1.15" {"metadata":{"emulator":{"name":"hosting"},"message":"::1 - - [26/Nov/2024:23:17:50 +0000] \"GET /view/signin_page.js HTTP/1.1\" 200 951 \"http://localhost:5006/\" \"Mozilla/5.0 (Macintosh; Intel Mac OS X 10_15_7) AppleWebKit/605.1.15 (KHTML, like Gecko) Version/17.6 Safari/605.1.15\""}}
[info] i  hosting: ::1 - - [26/Nov/2024:23:17:50 +0000] "GET /view/protected_view.js HTTP/1.1" 200 191 "http://localhost:5006/" "Mozilla/5.0 (Macintosh; Intel Mac OS X 10_15_7) AppleWebKit/605.1.15 (KHTML, like Gecko) Version/17.6 Safari/605.1.15" {"metadata":{"emulator":{"name":"hosting"},"message":"::1 - - [26/Nov/2024:23:17:50 +0000] \"GET /view/protected_view.js HTTP/1.1\" 200 191 \"http://localhost:5006/\" \"Mozilla/5.0 (Macintosh; Intel Mac OS X 10_15_7) AppleWebKit/605.1.15 (KHTML, like Gecko) Version/17.6 Safari/605.1.15\""}}
[info] i  hosting: ::1 - - [26/Nov/2024:23:17:50 +0000] "GET /controller/home_controller.js HTTP/1.1" 200 - "http://localhost:5006/" "Mozilla/5.0 (Macintosh; Intel Mac OS X 10_15_7) AppleWebKit/605.1.15 (KHTML, like Gecko) Version/17.6 Safari/605.1.15" {"metadata":{"emulator":{"name":"hosting"},"message":"::1 - - [26/Nov/2024:23:17:50 +0000] \"GET /controller/home_controller.js HTTP/1.1\" 200 - \"http://localhost:5006/\" \"Mozilla/5.0 (Macintosh; Intel Mac OS X 10_15_7) AppleWebKit/605.1.15 (KHTML, like Gecko) Version/17.6 Safari/605.1.15\""}}
[info] i  hosting: ::1 - - [26/Nov/2024:23:17:50 +0000] "GET /controller/firestore_controller.js HTTP/1.1" 200 - "http://localhost:5006/" "Mozilla/5.0 (Macintosh; Intel Mac OS X 10_15_7) AppleWebKit/605.1.15 (KHTML, like Gecko) Version/17.6 Safari/605.1.15" {"metadata":{"emulator":{"name":"hosting"},"message":"::1 - - [26/Nov/2024:23:17:50 +0000] \"GET /controller/firestore_controller.js HTTP/1.1\" 200 - \"http://localhost:5006/\" \"Mozilla/5.0 (Macintosh; Intel Mac OS X 10_15_7) AppleWebKit/605.1.15 (KHTML, like Gecko) Version/17.6 Safari/605.1.15\""}}
[info] i  hosting: ::1 - - [26/Nov/2024:23:17:50 +0000] "GET /controller/signin_controller.js HTTP/1.1" 200 - "http://localhost:5006/" "Mozilla/5.0 (Macintosh; Intel Mac OS X 10_15_7) AppleWebKit/605.1.15 (KHTML, like Gecko) Version/17.6 Safari/605.1.15" {"metadata":{"emulator":{"name":"hosting"},"message":"::1 - - [26/Nov/2024:23:17:50 +0000] \"GET /controller/signin_controller.js HTTP/1.1\" 200 - \"http://localhost:5006/\" \"Mozilla/5.0 (Macintosh; Intel Mac OS X 10_15_7) AppleWebKit/605.1.15 (KHTML, like Gecko) Version/17.6 Safari/605.1.15\""}}
[info] i  hosting: ::1 - - [26/Nov/2024:23:17:50 +0000] "GET /model/ToDoItem.js HTTP/1.1" 200 476 "http://localhost:5006/" "Mozilla/5.0 (Macintosh; Intel Mac OS X 10_15_7) AppleWebKit/605.1.15 (KHTML, like Gecko) Version/17.6 Safari/605.1.15" {"metadata":{"emulator":{"name":"hosting"},"message":"::1 - - [26/Nov/2024:23:17:50 +0000] \"GET /model/ToDoItem.js HTTP/1.1\" 200 476 \"http://localhost:5006/\" \"Mozilla/5.0 (Macintosh; Intel Mac OS X 10_15_7) AppleWebKit/605.1.15 (KHTML, like Gecko) Version/17.6 Safari/605.1.15\""}}
[info] i  hosting: ::1 - - [26/Nov/2024:23:17:50 +0000] "GET /model/ToDoTitle.js HTTP/1.1" 200 396 "http://localhost:5006/" "Mozilla/5.0 (Macintosh; Intel Mac OS X 10_15_7) AppleWebKit/605.1.15 (KHTML, like Gecko) Version/17.6 Safari/605.1.15" {"metadata":{"emulator":{"name":"hosting"},"message":"::1 - - [26/Nov/2024:23:17:50 +0000] \"GET /model/ToDoTitle.js HTTP/1.1\" 200 396 \"http://localhost:5006/\" \"Mozilla/5.0 (Macintosh; Intel Mac OS X 10_15_7) AppleWebKit/605.1.15 (KHTML, like Gecko) Version/17.6 Safari/605.1.15\""}}
